running egg_info
creating build/nun_bot/nun_bot.egg-info
writing build/nun_bot/nun_bot.egg-info/PKG-INFO
writing dependency_links to build/nun_bot/nun_bot.egg-info/dependency_links.txt
writing entry points to build/nun_bot/nun_bot.egg-info/entry_points.txt
writing requirements to build/nun_bot/nun_bot.egg-info/requires.txt
writing top-level names to build/nun_bot/nun_bot.egg-info/top_level.txt
writing manifest file 'build/nun_bot/nun_bot.egg-info/SOURCES.txt'
reading manifest file 'build/nun_bot/nun_bot.egg-info/SOURCES.txt'
writing manifest file 'build/nun_bot/nun_bot.egg-info/SOURCES.txt'
running build
running build_py
creating /home/labtech/ros2_ws/src/nun_bot/build/nun_bot/build
creating /home/labtech/ros2_ws/src/nun_bot/build/nun_bot/build/lib
creating /home/labtech/ros2_ws/src/nun_bot/build/nun_bot/build/lib/nun_bot
copying nun_bot/UMR04.py -> /home/labtech/ros2_ws/src/nun_bot/build/nun_bot/build/lib/nun_bot
copying nun_bot/__init__.py -> /home/labtech/ros2_ws/src/nun_bot/build/nun_bot/build/lib/nun_bot
copying nun_bot/ultrasonic_sensor_publisher.py -> /home/labtech/ros2_ws/src/nun_bot/build/nun_bot/build/lib/nun_bot
copying nun_bot/keyboard_command_publisher.py -> /home/labtech/ros2_ws/src/nun_bot/build/nun_bot/build/lib/nun_bot
copying nun_bot/arduino_subscriber.py -> /home/labtech/ros2_ws/src/nun_bot/build/nun_bot/build/lib/nun_bot
running install
running install_lib
creating /home/labtech/ros2_ws/src/nun_bot/install/nun_bot/lib/python3.10/site-packages/nun_bot
copying /home/labtech/ros2_ws/src/nun_bot/build/nun_bot/build/lib/nun_bot/UMR04.py -> /home/labtech/ros2_ws/src/nun_bot/install/nun_bot/lib/python3.10/site-packages/nun_bot
copying /home/labtech/ros2_ws/src/nun_bot/build/nun_bot/build/lib/nun_bot/__init__.py -> /home/labtech/ros2_ws/src/nun_bot/install/nun_bot/lib/python3.10/site-packages/nun_bot
copying /home/labtech/ros2_ws/src/nun_bot/build/nun_bot/build/lib/nun_bot/ultrasonic_sensor_publisher.py -> /home/labtech/ros2_ws/src/nun_bot/install/nun_bot/lib/python3.10/site-packages/nun_bot
copying /home/labtech/ros2_ws/src/nun_bot/build/nun_bot/build/lib/nun_bot/keyboard_command_publisher.py -> /home/labtech/ros2_ws/src/nun_bot/install/nun_bot/lib/python3.10/site-packages/nun_bot
copying /home/labtech/ros2_ws/src/nun_bot/build/nun_bot/build/lib/nun_bot/arduino_subscriber.py -> /home/labtech/ros2_ws/src/nun_bot/install/nun_bot/lib/python3.10/site-packages/nun_bot
byte-compiling /home/labtech/ros2_ws/src/nun_bot/install/nun_bot/lib/python3.10/site-packages/nun_bot/UMR04.py to UMR04.cpython-310.pyc
byte-compiling /home/labtech/ros2_ws/src/nun_bot/install/nun_bot/lib/python3.10/site-packages/nun_bot/__init__.py to __init__.cpython-310.pyc
byte-compiling /home/labtech/ros2_ws/src/nun_bot/install/nun_bot/lib/python3.10/site-packages/nun_bot/ultrasonic_sensor_publisher.py to ultrasonic_sensor_publisher.cpython-310.pyc
byte-compiling /home/labtech/ros2_ws/src/nun_bot/install/nun_bot/lib/python3.10/site-packages/nun_bot/keyboard_command_publisher.py to keyboard_command_publisher.cpython-310.pyc
byte-compiling /home/labtech/ros2_ws/src/nun_bot/install/nun_bot/lib/python3.10/site-packages/nun_bot/arduino_subscriber.py to arduino_subscriber.cpython-310.pyc
running install_data
creating /home/labtech/ros2_ws/src/nun_bot/install/nun_bot/share/ament_index
creating /home/labtech/ros2_ws/src/nun_bot/install/nun_bot/share/ament_index/resource_index
creating /home/labtech/ros2_ws/src/nun_bot/install/nun_bot/share/ament_index/resource_index/packages
copying resource/nun_bot -> /home/labtech/ros2_ws/src/nun_bot/install/nun_bot/share/ament_index/resource_index/packages
copying package.xml -> /home/labtech/ros2_ws/src/nun_bot/install/nun_bot/share/nun_bot
running install_egg_info
Copying build/nun_bot/nun_bot.egg-info to /home/labtech/ros2_ws/src/nun_bot/install/nun_bot/lib/python3.10/site-packages/nun_bot-0.0.0-py3.10.egg-info
running install_scripts
Installing keyboard_talker = nun_bot.keyboard_command_publisher:mainarduino_listener script to /home/labtech/ros2_ws/src/nun_bot/install/nun_bot/lib/nun_bot
Installing ultrasonic_talker script to /home/labtech/ros2_ws/src/nun_bot/install/nun_bot/lib/nun_bot
writing list of installed files to '/home/labtech/ros2_ws/src/nun_bot/build/nun_bot/install.log'
