[0.465s] DEBUG:colcon:Command line arguments: ['/usr/bin/colcon', 'build', '--symlink-install', '--packages-select', 'nun_bot']
[0.465s] DEBUG:colcon:Parsed command line arguments: Namespace(log_base=None, log_level=None, verb_name='build', build_base='build', install_base='install', merge_install=False, symlink_install=True, test_result_base=None, continue_on_error=False, executor='parallel', parallel_workers=4, event_handlers=None, ignore_user_meta=False, metas=['./colcon.meta'], base_paths=['.'], packages_ignore=None, packages_ignore_regex=None, paths=None, packages_up_to=None, packages_up_to_regex=None, packages_above=None, packages_above_and_dependencies=None, packages_above_depth=None, packages_select_by_dep=None, packages_skip_by_dep=None, packages_skip_up_to=None, packages_select_build_failed=False, packages_skip_build_finished=False, packages_select_test_failures=False, packages_skip_test_passed=False, packages_select=['nun_bot'], packages_skip=None, packages_select_regex=None, packages_skip_regex=None, packages_start=None, packages_end=None, allow_overriding=[], cmake_args=None, cmake_target=None, cmake_target_skip_unavailable=False, cmake_clean_cache=False, cmake_clean_first=False, cmake_force_configure=False, ament_cmake_args=None, catkin_cmake_args=None, catkin_skip_building_tests=False, mixin_files=None, mixin=None, verb_parser=<colcon_mixin.mixin.mixin_argument.MixinArgumentDecorator object at 0xffffa0882cb0>, verb_extension=<colcon_core.verb.build.BuildVerb object at 0xffffa0a17c40>, main=<bound method BuildVerb.main of <colcon_core.verb.build.BuildVerb object at 0xffffa0a17c40>>, mixin_verb=('build',))
[1.277s] Level 1:colcon.colcon_core.package_discovery:discover_packages(colcon_meta) check parameters
[1.277s] Level 1:colcon.colcon_core.package_discovery:discover_packages(recursive) check parameters
[1.278s] Level 1:colcon.colcon_core.package_discovery:discover_packages(ignore) check parameters
[1.278s] Level 1:colcon.colcon_core.package_discovery:discover_packages(path) check parameters
[1.278s] Level 1:colcon.colcon_core.package_discovery:discover_packages(colcon_meta) discover
[1.278s] Level 1:colcon.colcon_core.package_discovery:discover_packages(recursive) discover
[1.278s] INFO:colcon.colcon_core.package_discovery:Crawling recursively for packages in '/home/labtech/ros2_ws/src/nun_bot'
[1.279s] Level 1:colcon.colcon_core.package_identification:_identify(.) by extensions ['ignore', 'ignore_ament_install']
[1.279s] Level 1:colcon.colcon_core.package_identification:_identify(.) by extension 'ignore'
[1.279s] Level 1:colcon.colcon_core.package_identification:_identify(.) by extension 'ignore_ament_install'
[1.280s] Level 1:colcon.colcon_core.package_identification:_identify(.) by extensions ['colcon_pkg']
[1.280s] Level 1:colcon.colcon_core.package_identification:_identify(.) by extension 'colcon_pkg'
[1.280s] Level 1:colcon.colcon_core.package_identification:_identify(.) by extensions ['colcon_meta']
[1.280s] Level 1:colcon.colcon_core.package_identification:_identify(.) by extension 'colcon_meta'
[1.280s] Level 1:colcon.colcon_core.package_identification:_identify(.) by extensions ['ros']
[1.280s] Level 1:colcon.colcon_core.package_identification:_identify(.) by extension 'ros'
[1.332s] DEBUG:colcon.colcon_core.package_identification:Package '.' with type 'ros.ament_python' and name 'nun_bot'
[1.332s] Level 1:colcon.colcon_core.package_discovery:discover_packages(recursive) using defaults
[1.332s] Level 1:colcon.colcon_core.package_discovery:discover_packages(ignore) discover
[1.332s] Level 1:colcon.colcon_core.package_discovery:discover_packages(ignore) using defaults
[1.332s] Level 1:colcon.colcon_core.package_discovery:discover_packages(path) discover
[1.332s] Level 1:colcon.colcon_core.package_discovery:discover_packages(path) using defaults
[1.449s] Level 1:colcon.colcon_core.package_discovery:discover_packages(prefix_path) check parameters
[1.450s] Level 1:colcon.colcon_core.package_discovery:discover_packages(prefix_path) discover
[1.454s] WARNING:colcon.colcon_ros.prefix_path.ament:The path '/home/labtech/ros2_ws/src/nun_bot/install/nun_bot' in the environment variable AMENT_PREFIX_PATH doesn't exist
[1.458s] DEBUG:colcon.colcon_installed_package_information.package_discovery:Found 3 installed packages in /home/labtech/ros2_ws/install
[1.460s] DEBUG:colcon.colcon_installed_package_information.package_discovery:Found 0 installed packages in /home/labtech/ros2_ws/src/nun_bot/install
[1.469s] DEBUG:colcon.colcon_installed_package_information.package_discovery:Found 271 installed packages in /opt/ros/humble
[1.475s] Level 1:colcon.colcon_core.package_discovery:discover_packages(prefix_path) using defaults
[1.635s] Level 5:colcon.colcon_core.verb:set package 'nun_bot' build argument 'cmake_args' from command line to 'None'
[1.636s] Level 5:colcon.colcon_core.verb:set package 'nun_bot' build argument 'cmake_target' from command line to 'None'
[1.636s] Level 5:colcon.colcon_core.verb:set package 'nun_bot' build argument 'cmake_target_skip_unavailable' from command line to 'False'
[1.636s] Level 5:colcon.colcon_core.verb:set package 'nun_bot' build argument 'cmake_clean_cache' from command line to 'False'
[1.636s] Level 5:colcon.colcon_core.verb:set package 'nun_bot' build argument 'cmake_clean_first' from command line to 'False'
[1.636s] Level 5:colcon.colcon_core.verb:set package 'nun_bot' build argument 'cmake_force_configure' from command line to 'False'
[1.636s] Level 5:colcon.colcon_core.verb:set package 'nun_bot' build argument 'ament_cmake_args' from command line to 'None'
[1.636s] Level 5:colcon.colcon_core.verb:set package 'nun_bot' build argument 'catkin_cmake_args' from command line to 'None'
[1.636s] Level 5:colcon.colcon_core.verb:set package 'nun_bot' build argument 'catkin_skip_building_tests' from command line to 'False'
[1.636s] DEBUG:colcon.colcon_core.verb:Building package 'nun_bot' with the following arguments: {'ament_cmake_args': None, 'build_base': '/home/labtech/ros2_ws/src/nun_bot/build/nun_bot', 'catkin_cmake_args': None, 'catkin_skip_building_tests': False, 'cmake_args': None, 'cmake_clean_cache': False, 'cmake_clean_first': False, 'cmake_force_configure': False, 'cmake_target': None, 'cmake_target_skip_unavailable': False, 'install_base': '/home/labtech/ros2_ws/src/nun_bot/install/nun_bot', 'merge_install': False, 'path': '/home/labtech/ros2_ws/src/nun_bot', 'symlink_install': True, 'test_result_base': None}
[1.637s] INFO:colcon.colcon_core.executor:Executing jobs using 'parallel' executor
[1.640s] DEBUG:colcon.colcon_parallel_executor.executor.parallel:run_until_complete
[1.641s] INFO:colcon.colcon_ros.task.ament_python.build:Building ROS package in '/home/labtech/ros2_ws/src/nun_bot' with build type 'ament_python'
[1.642s] Level 1:colcon.colcon_core.shell:create_environment_hook('nun_bot', 'ament_prefix_path')
[1.651s] INFO:colcon.colcon_core.plugin_system:Skipping extension 'colcon_core.shell.bat': Not used on non-Windows systems
[1.652s] INFO:colcon.colcon_core.shell:Creating environment hook '/home/labtech/ros2_ws/src/nun_bot/install/nun_bot/share/nun_bot/hook/ament_prefix_path.ps1'
[1.655s] INFO:colcon.colcon_core.shell:Creating environment descriptor '/home/labtech/ros2_ws/src/nun_bot/install/nun_bot/share/nun_bot/hook/ament_prefix_path.dsv'
[1.657s] INFO:colcon.colcon_core.shell:Creating environment hook '/home/labtech/ros2_ws/src/nun_bot/install/nun_bot/share/nun_bot/hook/ament_prefix_path.sh'
[1.660s] INFO:colcon.colcon_core.shell:Skip shell extension 'powershell' for command environment: Not usable outside of PowerShell
[1.660s] DEBUG:colcon.colcon_core.shell:Skip shell extension 'dsv' for command environment
[2.893s] INFO:colcon.colcon_core.task.python.build:Building Python package in '/home/labtech/ros2_ws/src/nun_bot'
[2.894s] INFO:colcon.colcon_core.shell:Skip shell extension 'powershell' for command environment: Not usable outside of PowerShell
[2.895s] DEBUG:colcon.colcon_core.shell:Skip shell extension 'dsv' for command environment
[4.586s] DEBUG:colcon.colcon_core.event_handler.log_command:Invoking command in '/home/labtech/ros2_ws/src/nun_bot/build/nun_bot': PYTHONPATH=/home/labtech/ros2_ws/src/nun_bot/build/nun_bot/prefix_override:/usr/lib/python3/dist-packages/colcon_core/task/python/colcon_distutils_commands:/home/labtech/ros2_ws/src/nun_bot/install/nun_bot/lib/python3.10/site-packages:${PYTHONPATH} /usr/bin/python3 -W ignore:setup.py install is deprecated -W ignore:easy_install command is deprecated setup.py develop --editable --build-directory /home/labtech/ros2_ws/src/nun_bot/build/nun_bot/build --no-deps symlink_data
[6.739s] Level 1:colcon.colcon_core.shell:create_environment_hook('nun_bot', 'pythonpath_develop')
[6.740s] INFO:colcon.colcon_core.shell:Creating environment hook '/home/labtech/ros2_ws/src/nun_bot/build/nun_bot/share/nun_bot/hook/pythonpath_develop.ps1'
[6.742s] DEBUG:colcon.colcon_core.event_handler.log_command:Invoked command in '/home/labtech/ros2_ws/src/nun_bot/build/nun_bot' returned '0': PYTHONPATH=/home/labtech/ros2_ws/src/nun_bot/build/nun_bot/prefix_override:/usr/lib/python3/dist-packages/colcon_core/task/python/colcon_distutils_commands:/home/labtech/ros2_ws/src/nun_bot/install/nun_bot/lib/python3.10/site-packages:${PYTHONPATH} /usr/bin/python3 -W ignore:setup.py install is deprecated -W ignore:easy_install command is deprecated setup.py develop --editable --build-directory /home/labtech/ros2_ws/src/nun_bot/build/nun_bot/build --no-deps symlink_data
[6.744s] INFO:colcon.colcon_core.shell:Creating environment descriptor '/home/labtech/ros2_ws/src/nun_bot/build/nun_bot/share/nun_bot/hook/pythonpath_develop.dsv'
[6.746s] INFO:colcon.colcon_core.shell:Creating environment hook '/home/labtech/ros2_ws/src/nun_bot/build/nun_bot/share/nun_bot/hook/pythonpath_develop.sh'
[6.757s] Level 1:colcon.colcon_core.environment:checking '/home/labtech/ros2_ws/src/nun_bot/install/nun_bot' for CMake module files
[6.760s] Level 1:colcon.colcon_core.environment:checking '/home/labtech/ros2_ws/src/nun_bot/install/nun_bot' for CMake config files
[6.762s] Level 1:colcon.colcon_core.environment:checking '/home/labtech/ros2_ws/src/nun_bot/install/nun_bot/lib'
[6.763s] Level 1:colcon.colcon_core.environment:checking '/home/labtech/ros2_ws/src/nun_bot/install/nun_bot/bin'
[6.763s] Level 1:colcon.colcon_core.environment:checking '/home/labtech/ros2_ws/src/nun_bot/install/nun_bot/lib/pkgconfig/nun_bot.pc'
[6.764s] Level 1:colcon.colcon_core.environment:checking '/home/labtech/ros2_ws/src/nun_bot/install/nun_bot/lib/python3.10/site-packages'
[6.765s] Level 1:colcon.colcon_core.shell:create_environment_hook('nun_bot', 'pythonpath')
[6.765s] INFO:colcon.colcon_core.shell:Creating environment hook '/home/labtech/ros2_ws/src/nun_bot/install/nun_bot/share/nun_bot/hook/pythonpath.ps1'
[6.767s] INFO:colcon.colcon_core.shell:Creating environment descriptor '/home/labtech/ros2_ws/src/nun_bot/install/nun_bot/share/nun_bot/hook/pythonpath.dsv'
[6.768s] INFO:colcon.colcon_core.shell:Creating environment hook '/home/labtech/ros2_ws/src/nun_bot/install/nun_bot/share/nun_bot/hook/pythonpath.sh'
[6.771s] Level 1:colcon.colcon_core.environment:checking '/home/labtech/ros2_ws/src/nun_bot/install/nun_bot/bin'
[6.771s] Level 1:colcon.colcon_core.environment:create_environment_scripts_only(nun_bot)
[6.773s] INFO:colcon.colcon_core.shell:Creating package script '/home/labtech/ros2_ws/src/nun_bot/install/nun_bot/share/nun_bot/package.ps1'
[6.777s] INFO:colcon.colcon_core.shell:Creating package descriptor '/home/labtech/ros2_ws/src/nun_bot/install/nun_bot/share/nun_bot/package.dsv'
[6.780s] INFO:colcon.colcon_core.shell:Creating package script '/home/labtech/ros2_ws/src/nun_bot/install/nun_bot/share/nun_bot/package.sh'
[6.783s] INFO:colcon.colcon_core.shell:Creating package script '/home/labtech/ros2_ws/src/nun_bot/install/nun_bot/share/nun_bot/package.bash'
[6.786s] INFO:colcon.colcon_core.shell:Creating package script '/home/labtech/ros2_ws/src/nun_bot/install/nun_bot/share/nun_bot/package.zsh'
[6.789s] Level 1:colcon.colcon_core.environment:create_file_with_runtime_dependencies(/home/labtech/ros2_ws/src/nun_bot/install/nun_bot/share/colcon-core/packages/nun_bot)
[6.790s] DEBUG:colcon.colcon_parallel_executor.executor.parallel:closing loop
[6.791s] DEBUG:colcon.colcon_parallel_executor.executor.parallel:loop closed
[6.792s] DEBUG:colcon.colcon_parallel_executor.executor.parallel:run_until_complete finished with '0'
[6.792s] DEBUG:colcon.colcon_core.event_reactor:joining thread
[6.814s] INFO:colcon.colcon_core.plugin_system:Skipping extension 'colcon_notification.desktop_notification.notify_send': Could not find 'notify-send'
[6.815s] INFO:colcon.colcon_core.plugin_system:Skipping extension 'colcon_notification.desktop_notification.terminal_notifier': Not used on non-Darwin systems
[6.815s] INFO:colcon.colcon_core.plugin_system:Skipping extension 'colcon_notification.desktop_notification.win32': Not used on non-Windows systems
[6.815s] INFO:colcon.colcon_notification.desktop_notification:Sending desktop notification using 'notify2'
[6.818s] DEBUG:colcon.colcon_notification.desktop_notification.notify2:Failed to initialize notify2: org.freedesktop.DBus.Error.ServiceUnknown: The name org.freedesktop.Notifications was not provided by any .service files
[6.818s] DEBUG:colcon.colcon_core.event_reactor:joined thread
[6.819s] INFO:colcon.colcon_core.shell:Creating prefix script '/home/labtech/ros2_ws/src/nun_bot/install/local_setup.ps1'
[6.822s] INFO:colcon.colcon_core.shell:Creating prefix util module '/home/labtech/ros2_ws/src/nun_bot/install/_local_setup_util_ps1.py'
[6.829s] INFO:colcon.colcon_core.shell:Creating prefix chain script '/home/labtech/ros2_ws/src/nun_bot/install/setup.ps1'
[6.836s] INFO:colcon.colcon_core.shell:Creating prefix script '/home/labtech/ros2_ws/src/nun_bot/install/local_setup.sh'
[6.839s] INFO:colcon.colcon_core.shell:Creating prefix util module '/home/labtech/ros2_ws/src/nun_bot/install/_local_setup_util_sh.py'
[6.841s] INFO:colcon.colcon_core.shell:Creating prefix chain script '/home/labtech/ros2_ws/src/nun_bot/install/setup.sh'
[6.846s] INFO:colcon.colcon_core.shell:Creating prefix script '/home/labtech/ros2_ws/src/nun_bot/install/local_setup.bash'
[6.848s] INFO:colcon.colcon_core.shell:Creating prefix chain script '/home/labtech/ros2_ws/src/nun_bot/install/setup.bash'
[6.853s] INFO:colcon.colcon_core.shell:Creating prefix script '/home/labtech/ros2_ws/src/nun_bot/install/local_setup.zsh'
[6.855s] INFO:colcon.colcon_core.shell:Creating prefix chain script '/home/labtech/ros2_ws/src/nun_bot/install/setup.zsh'
