/home/labtech/ros2_ws/src/nun_bot/install/nun_bot/lib/python3.10/site-packages/nun_bot/UMR04.py
/home/labtech/ros2_ws/src/nun_bot/install/nun_bot/lib/python3.10/site-packages/nun_bot/__init__.py
/home/labtech/ros2_ws/src/nun_bot/install/nun_bot/lib/python3.10/site-packages/nun_bot/ultrasonic_sensor_publisher.py
/home/labtech/ros2_ws/src/nun_bot/install/nun_bot/lib/python3.10/site-packages/nun_bot/keyboard_command_publisher.py
/home/labtech/ros2_ws/src/nun_bot/install/nun_bot/lib/python3.10/site-packages/nun_bot/arduino_subscriber.py
/home/labtech/ros2_ws/src/nun_bot/install/nun_bot/lib/python3.10/site-packages/nun_bot/__pycache__/UMR04.cpython-310.pyc
/home/labtech/ros2_ws/src/nun_bot/install/nun_bot/lib/python3.10/site-packages/nun_bot/__pycache__/__init__.cpython-310.pyc
/home/labtech/ros2_ws/src/nun_bot/install/nun_bot/lib/python3.10/site-packages/nun_bot/__pycache__/ultrasonic_sensor_publisher.cpython-310.pyc
/home/labtech/ros2_ws/src/nun_bot/install/nun_bot/lib/python3.10/site-packages/nun_bot/__pycache__/keyboard_command_publisher.cpython-310.pyc
/home/labtech/ros2_ws/src/nun_bot/install/nun_bot/lib/python3.10/site-packages/nun_bot/__pycache__/arduino_subscriber.cpython-310.pyc
/home/labtech/ros2_ws/src/nun_bot/install/nun_bot/share/ament_index/resource_index/packages/nun_bot
/home/labtech/ros2_ws/src/nun_bot/install/nun_bot/share/nun_bot/package.xml
/home/labtech/ros2_ws/src/nun_bot/install/nun_bot/lib/python3.10/site-packages/nun_bot-0.0.0-py3.10.egg-info/PKG-INFO
/home/labtech/ros2_ws/src/nun_bot/install/nun_bot/lib/python3.10/site-packages/nun_bot-0.0.0-py3.10.egg-info/top_level.txt
/home/labtech/ros2_ws/src/nun_bot/install/nun_bot/lib/python3.10/site-packages/nun_bot-0.0.0-py3.10.egg-info/SOURCES.txt
/home/labtech/ros2_ws/src/nun_bot/install/nun_bot/lib/python3.10/site-packages/nun_bot-0.0.0-py3.10.egg-info/entry_points.txt
/home/labtech/ros2_ws/src/nun_bot/install/nun_bot/lib/python3.10/site-packages/nun_bot-0.0.0-py3.10.egg-info/requires.txt
/home/labtech/ros2_ws/src/nun_bot/install/nun_bot/lib/python3.10/site-packages/nun_bot-0.0.0-py3.10.egg-info/dependency_links.txt
/home/labtech/ros2_ws/src/nun_bot/install/nun_bot/lib/python3.10/site-packages/nun_bot-0.0.0-py3.10.egg-info/zip-safe
/home/labtech/ros2_ws/src/nun_bot/install/nun_bot/lib/nun_bot/keyboard_talker = nun_bot.keyboard_command_publisher:mainarduino_listener
/home/labtech/ros2_ws/src/nun_bot/install/nun_bot/lib/nun_bot/ultrasonic_talker
